[08Nov2025 00:00:04.854] [Server thread/INFO] [sereneseasons/]: Season time skipped by 10195 in lostcities:lostcity
[08Nov2025 00:00:04.856] [Server thread/INFO] [sereneseasons/]: Season time skipped by 10195 in deceasedcraft:abyss
[08Nov2025 00:00:04.858] [Server thread/INFO] [sereneseasons/]: Season time skipped by 10195 in minecraft:the_end
[08Nov2025 00:00:04.858] [Server thread/INFO] [sereneseasons/]: Season time skipped by 10195 in minecraft:the_nether
[08Nov2025 00:00:04.886] [Server thread/INFO] [sereneseasons/]: Season time skipped by 10195 in minecraft:overworld
[08Nov2025 00:00:06.949] [Server thread/INFO] [net.minecraft.server.dedicated.DedicatedServer/]: <WltsuwarlD> :zzz::dizzy::night_with_stars::full_moon:
[08Nov2025 00:06:22.206] [Server thread/INFO] [net.minecraft.server.dedicated.DedicatedServer/]: WltsuwarlD has made the advancement [Isn't It Iron Pick]
[08Nov2025 00:10:37.008] [Server thread/INFO] [net.minecraft.server.dedicated.DedicatedServer/]: WltsuwarlD has made the advancement [Amateur Archaeologist]
[08Nov2025 00:23:27.187] [Server thread/INFO] [net.minecraft.server.network.ServerGamePacketListenerImpl/]: WltsuwarlD lost connection: Disconnected
[08Nov2025 00:23:27.187] [Server thread/INFO] [net.minecraft.server.dedicated.DedicatedServer/]: WltsuwarlD left the game
[08Nov2025 00:23:27.188] [Server thread/INFO] [xaero.pac.OpenPartiesAndClaims/]: Updating all forceload tickets for 1e4df972-84e3-4906-81ae-dc22b618a3ed
[08Nov2025 00:23:27.188] [Server thread/INFO] [voicechat/]: [voicechat] Disconnecting client WltsuwarlD
[08Nov2025 00:23:35.989] [Server thread/INFO] [net.minecraft.server.network.ServerGamePacketListenerImpl/]: Stoned95 lost connection: Disconnected
[08Nov2025 00:23:35.990] [Server thread/INFO] [net.minecraft.server.dedicated.DedicatedServer/]: Stoned95 left the game
[08Nov2025 00:23:35.990] [Server thread/INFO] [xaero.pac.OpenPartiesAndClaims/]: Updating all forceload tickets for 1f5facbd-6dc3-4726-b2ec-225dcc93fe7f
[08Nov2025 00:23:35.990] [Server thread/INFO] [voicechat/]: [voicechat] Disconnecting client Stoned95
[08Nov2025 00:23:38.989] [Server thread/INFO] [net.minecraft.server.network.ServerGamePacketListenerImpl/]: Tyrr64 lost connection: Disconnected
[08Nov2025 00:23:38.989] [Server thread/INFO] [net.minecraft.server.dedicated.DedicatedServer/]: Tyrr64 left the game
[08Nov2025 00:23:38.990] [Server thread/INFO] [xaero.pac.OpenPartiesAndClaims/]: Updating all forceload tickets for b06be733-c5d2-4bc2-9faf-4200083c91e3
[08Nov2025 00:23:38.990] [Server thread/INFO] [readyplayerfun/]: Pausing server onPlayerLogout at 186090, 196284
[08Nov2025 00:23:38.990] [Server thread/INFO] [voicechat/]: [voicechat] Disconnecting client Tyrr64
[08Nov2025 00:32:25.225] [Server thread/INFO] [net.minecraft.server.dedicated.DedicatedServer/]: Stopping the server
[08Nov2025 00:32:25.294] [Server thread/INFO] [net.minecraft.server.MinecraftServer/]: Stopping server
[08Nov2025 00:32:25.296] [Server thread/INFO] [net.minecraft.server.MinecraftServer/]: Saving players
[08Nov2025 00:32:25.296] [Server thread/INFO] [net.minecraft.server.MinecraftServer/]: Saving worlds
[08Nov2025 00:32:25.503] [Server thread/INFO] [net.minecraft.server.MinecraftServer/]: Saving chunks for level 'ServerLevel[world]'/minecraft:overworld
[08Nov2025 00:32:26.010] [Server thread/INFO] [net.minecraft.server.MinecraftServer/]: Saving chunks for level 'ServerLevel[world]'/lostcities:lostcity
[08Nov2025 00:32:26.011] [Server thread/INFO] [net.minecraft.server.MinecraftServer/]: Saving chunks for level 'ServerLevel[world]'/deceasedcraft:abyss
[08Nov2025 00:32:26.011] [Server thread/INFO] [net.minecraft.server.MinecraftServer/]: Saving chunks for level 'ServerLevel[world]'/minecraft:the_end
[08Nov2025 00:32:26.012] [Server thread/INFO] [net.minecraft.server.MinecraftServer/]: Saving chunks for level 'ServerLevel[world]'/minecraft:the_nether
[08Nov2025 00:32:26.073] [Server thread/INFO] [net.minecraft.server.MinecraftServer/]: ThreadedAnvilChunkStorage (world): All chunks are saved
[08Nov2025 00:32:26.073] [Server thread/INFO] [net.minecraft.server.MinecraftServer/]: ThreadedAnvilChunkStorage (lostcity): All chunks are saved
[08Nov2025 00:32:26.073] [Server thread/INFO] [net.minecraft.server.MinecraftServer/]: ThreadedAnvilChunkStorage (abyss): All chunks are saved
[08Nov2025 00:32:26.074] [Server thread/INFO] [net.minecraft.server.MinecraftServer/]: ThreadedAnvilChunkStorage (DIM1): All chunks are saved
[08Nov2025 00:32:26.074] [Server thread/INFO] [net.minecraft.server.MinecraftServer/]: ThreadedAnvilChunkStorage (DIM-1): All chunks are saved
[08Nov2025 00:32:26.074] [Server thread/INFO] [net.minecraft.server.MinecraftServer/]: ThreadedAnvilChunkStorage: All dimensions are saved
[08Nov2025 00:32:26.126] [Server thread/INFO] [xaero.pac.OpenPartiesAndClaims/]: Stopping IO worker...
[08Nov2025 00:32:26.135] [Server thread/INFO] [xaero.pac.OpenPartiesAndClaims/]: Stopped IO worker!
[08Nov2025 00:32:26.136] [Server thread/INFO] [configured/]: Unloading server configs...
[08Nov2025 00:32:26.136] [Server thread/INFO] [configured/]: Sending config unload event for configured.developer.toml
